<?xml version="1.0" encoding="UTF-8"?>
<!-- Generated by org.testng.reporters.JUnitReportReporter -->
<testsuite hostname="WS-8192" name="SeleniumAutomation.Automation.NotificationTest" tests="1" failures="0" timestamp="6 May 2020 11:06:22 GMT" time="4.977" errors="0">
  <testcase name="test" time="4.977" classname="SeleniumAutomation.Automation.NotificationTest"/>
</testsuite> <!-- SeleniumAutomation.Automation.NotificationTest -->
